<?xml version="1.0" encoding="UTF-8"?>
<testsuite xmlns:xsi="http://www.w3.org/2001/XMLSchema-instance" xsi:noNamespaceSchemaLocation="https://maven.apache.org/surefire/maven-surefire-plugin/xsd/surefire-test-report.xsd" name="com.jshop.orm.UuidGeneratorTest" time="0.519" tests="1" errors="0" skipped="0" failures="0">
  <properties>
    <property name="sun.desktop" value="windows"/>
    <property name="awt.toolkit" value="sun.awt.windows.WToolkit"/>
    <property name="file.encoding.pkg" value="sun.io"/>
    <property name="java.specification.version" value="1.8"/>
    <property name="sun.cpu.isalist" value="amd64"/>
    <property name="sun.jnu.encoding" value="Cp1252"/>
    <property name="java.class.path" value="C:\projects\microservices\ms-lib\ms-lib\orm\target\test-classes;C:\projects\microservices\ms-lib\ms-lib\orm\target\classes;C:\projects\microservices\ms-lib\ms-lib\core\target\ms-lib-core-1.0.0-SNAPSHOT.jar;C:\Users\Basheer\.m2\repository\org\apache\commons\commons-lang3\3.6\commons-lang3-3.6.jar;C:\Users\Basheer\.m2\repository\org\springframework\spring-beans\4.3.2.RELEASE\spring-beans-4.3.2.RELEASE.jar;C:\Users\Basheer\.m2\repository\org\springframework\spring-core\4.3.2.RELEASE\spring-core-4.3.2.RELEASE.jar;C:\Users\Basheer\.m2\repository\commons-logging\commons-logging\1.2\commons-logging-1.2.jar;C:\Users\Basheer\.m2\repository\org\springframework\spring-orm\4.3.2.RELEASE\spring-orm-4.3.2.RELEASE.jar;C:\Users\Basheer\.m2\repository\org\springframework\spring-oxm\4.3.2.RELEASE\spring-oxm-4.3.2.RELEASE.jar;C:\Users\Basheer\.m2\repository\org\springframework\spring-tx\4.3.2.RELEASE\spring-tx-4.3.2.RELEASE.jar;C:\Users\Basheer\.m2\repository\org\springframework\spring-web\4.3.2.RELEASE\spring-web-4.3.2.RELEASE.jar;C:\Users\Basheer\.m2\repository\org\springframework\spring-aop\4.3.2.RELEASE\spring-aop-4.3.2.RELEASE.jar;C:\Users\Basheer\.m2\repository\org\springframework\spring-context\4.3.2.RELEASE\spring-context-4.3.2.RELEASE.jar;C:\Users\Basheer\.m2\repository\org\springframework\spring-webmvc\4.3.2.RELEASE\spring-webmvc-4.3.2.RELEASE.jar;C:\Users\Basheer\.m2\repository\org\springframework\spring-expression\4.3.2.RELEASE\spring-expression-4.3.2.RELEASE.jar;C:\Users\Basheer\.m2\repository\org\springframework\spring-jms\4.3.2.RELEASE\spring-jms-4.3.2.RELEASE.jar;C:\Users\Basheer\.m2\repository\org\springframework\spring-messaging\4.3.2.RELEASE\spring-messaging-4.3.2.RELEASE.jar;C:\Users\Basheer\.m2\repository\org\springframework\spring-jdbc\4.3.2.RELEASE\spring-jdbc-4.3.2.RELEASE.jar;C:\projects\microservices\ms-lib\ms-lib\app\target\ms-lib-app-1.0.0-SNAPSHOT.jar;C:\Users\Basheer\.m2\repository\org\springframework\boot\spring-boot-starter-web\1.4.0.RELEASE\spring-boot-starter-web-1.4.0.RELEASE.jar;C:\Users\Basheer\.m2\repository\org\hibernate\hibernate-validator\5.2.4.Final\hibernate-validator-5.2.4.Final.jar;C:\Users\Basheer\.m2\repository\javax\validation\validation-api\1.1.0.Final\validation-api-1.1.0.Final.jar;C:\Users\Basheer\.m2\repository\com\fasterxml\jackson\core\jackson-databind\2.8.1\jackson-databind-2.8.1.jar;C:\Users\Basheer\.m2\repository\com\fasterxml\jackson\core\jackson-core\2.8.1\jackson-core-2.8.1.jar;C:\Users\Basheer\.m2\repository\org\springframework\boot\spring-boot-starter-tomcat\1.4.0.RELEASE\spring-boot-starter-tomcat-1.4.0.RELEASE.jar;C:\Users\Basheer\.m2\repository\org\apache\tomcat\embed\tomcat-embed-core\8.5.4\tomcat-embed-core-8.5.4.jar;C:\Users\Basheer\.m2\repository\org\apache\tomcat\embed\tomcat-embed-el\8.5.4\tomcat-embed-el-8.5.4.jar;C:\Users\Basheer\.m2\repository\org\apache\tomcat\embed\tomcat-embed-websocket\8.5.4\tomcat-embed-websocket-8.5.4.jar;C:\Users\Basheer\.m2\repository\org\springframework\boot\spring-boot-starter-data-rest\1.4.0.RELEASE\spring-boot-starter-data-rest-1.4.0.RELEASE.jar;C:\Users\Basheer\.m2\repository\com\fasterxml\jackson\core\jackson-annotations\2.8.1\jackson-annotations-2.8.1.jar;C:\Users\Basheer\.m2\repository\org\springframework\data\spring-data-rest-webmvc\2.5.2.RELEASE\spring-data-rest-webmvc-2.5.2.RELEASE.jar;C:\Users\Basheer\.m2\repository\org\springframework\data\spring-data-rest-core\2.5.2.RELEASE\spring-data-rest-core-2.5.2.RELEASE.jar;C:\Users\Basheer\.m2\repository\org\springframework\hateoas\spring-hateoas\0.20.0.RELEASE\spring-hateoas-0.20.0.RELEASE.jar;C:\Users\Basheer\.m2\repository\org\springframework\plugin\spring-plugin-core\1.2.0.RELEASE\spring-plugin-core-1.2.0.RELEASE.jar;C:\Users\Basheer\.m2\repository\org\atteo\evo-inflector\1.2.1\evo-inflector-1.2.1.jar;C:\Users\Basheer\.m2\repository\org\springframework\boot\spring-boot-starter-actuator\1.4.0.RELEASE\spring-boot-starter-actuator-1.4.0.RELEASE.jar;C:\Users\Basheer\.m2\repository\org\springframework\boot\spring-boot-actuator\1.4.0.RELEASE\spring-boot-actuator-1.4.0.RELEASE.jar;C:\Users\Basheer\.m2\repository\javax\inject\javax.inject\1\javax.inject-1.jar;C:\projects\microservices\ms-lib\ms-lib\security\target\ms-lib-security-1.0.0-SNAPSHOT.jar;C:\projects\microservices\ms-lib\ms-lib\test\target\ms-lib-test-1.0.0-SNAPSHOT.jar;C:\Users\Basheer\.m2\repository\org\springframework\spring-test\4.3.2.RELEASE\spring-test-4.3.2.RELEASE.jar;C:\Users\Basheer\.m2\repository\junit\junit\4.12\junit-4.12.jar;C:\Users\Basheer\.m2\repository\org\hamcrest\hamcrest-core\1.3\hamcrest-core-1.3.jar;C:\Users\Basheer\.m2\repository\org\mockito\mockito-all\1.10.19\mockito-all-1.10.19.jar;C:\Users\Basheer\.m2\repository\org\powermock\powermock-core\1.7.1\powermock-core-1.7.1.jar;C:\Users\Basheer\.m2\repository\org\powermock\powermock-reflect\1.7.1\powermock-reflect-1.7.1.jar;C:\Users\Basheer\.m2\repository\org\objenesis\objenesis\2.4\objenesis-2.4.jar;C:\Users\Basheer\.m2\repository\org\mockito\mockito-core\1.10.19\mockito-core-1.10.19.jar;C:\Users\Basheer\.m2\repository\org\powermock\powermock-api-mockito\1.7.1\powermock-api-mockito-1.7.1.jar;C:\Users\Basheer\.m2\repository\org\powermock\powermock-api-mockito-common\1.7.1\powermock-api-mockito-common-1.7.1.jar;C:\Users\Basheer\.m2\repository\org\powermock\powermock-api-support\1.7.1\powermock-api-support-1.7.1.jar;C:\Users\Basheer\.m2\repository\org\powermock\powermock-module-junit4\1.7.1\powermock-module-junit4-1.7.1.jar;C:\Users\Basheer\.m2\repository\org\powermock\powermock-module-junit4-common\1.7.1\powermock-module-junit4-common-1.7.1.jar;C:\Users\Basheer\.m2\repository\com\h2database\h2\1.4.192\h2-1.4.192.jar;C:\Users\Basheer\.m2\repository\io\jsonwebtoken\jjwt\0.7.0\jjwt-0.7.0.jar;C:\Users\Basheer\.m2\repository\org\springframework\boot\spring-boot-starter-data-jpa\1.4.0.RELEASE\spring-boot-starter-data-jpa-1.4.0.RELEASE.jar;C:\Users\Basheer\.m2\repository\org\springframework\boot\spring-boot-starter\1.4.0.RELEASE\spring-boot-starter-1.4.0.RELEASE.jar;C:\Users\Basheer\.m2\repository\org\springframework\boot\spring-boot\1.4.0.RELEASE\spring-boot-1.4.0.RELEASE.jar;C:\Users\Basheer\.m2\repository\org\springframework\boot\spring-boot-autoconfigure\1.4.0.RELEASE\spring-boot-autoconfigure-1.4.0.RELEASE.jar;C:\Users\Basheer\.m2\repository\org\springframework\boot\spring-boot-starter-logging\1.4.0.RELEASE\spring-boot-starter-logging-1.4.0.RELEASE.jar;C:\Users\Basheer\.m2\repository\org\slf4j\jul-to-slf4j\1.7.21\jul-to-slf4j-1.7.21.jar;C:\Users\Basheer\.m2\repository\org\slf4j\log4j-over-slf4j\1.7.21\log4j-over-slf4j-1.7.21.jar;C:\Users\Basheer\.m2\repository\org\yaml\snakeyaml\1.17\snakeyaml-1.17.jar;C:\Users\Basheer\.m2\repository\org\springframework\boot\spring-boot-starter-aop\1.4.0.RELEASE\spring-boot-starter-aop-1.4.0.RELEASE.jar;C:\Users\Basheer\.m2\repository\org\aspectj\aspectjweaver\1.8.9\aspectjweaver-1.8.9.jar;C:\Users\Basheer\.m2\repository\org\springframework\boot\spring-boot-starter-jdbc\1.4.0.RELEASE\spring-boot-starter-jdbc-1.4.0.RELEASE.jar;C:\Users\Basheer\.m2\repository\org\apache\tomcat\tomcat-jdbc\8.5.4\tomcat-jdbc-8.5.4.jar;C:\Users\Basheer\.m2\repository\org\apache\tomcat\tomcat-juli\8.5.4\tomcat-juli-8.5.4.jar;C:\Users\Basheer\.m2\repository\javax\transaction\javax.transaction-api\1.2\javax.transaction-api-1.2.jar;C:\Users\Basheer\.m2\repository\org\springframework\data\spring-data-jpa\1.10.2.RELEASE\spring-data-jpa-1.10.2.RELEASE.jar;C:\Users\Basheer\.m2\repository\org\springframework\data\spring-data-commons\1.12.2.RELEASE\spring-data-commons-1.12.2.RELEASE.jar;C:\Users\Basheer\.m2\repository\org\slf4j\jcl-over-slf4j\1.7.21\jcl-over-slf4j-1.7.21.jar;C:\Users\Basheer\.m2\repository\org\springframework\spring-aspects\4.3.2.RELEASE\spring-aspects-4.3.2.RELEASE.jar;C:\Users\Basheer\.m2\repository\commons-dbcp\commons-dbcp\1.4\commons-dbcp-1.4.jar;C:\Users\Basheer\.m2\repository\commons-pool\commons-pool\1.6\commons-pool-1.6.jar;C:\Users\Basheer\.m2\repository\org\hibernate\hibernate-core\5.2.2.Final\hibernate-core-5.2.2.Final.jar;C:\Users\Basheer\.m2\repository\org\jboss\logging\jboss-logging\3.3.0.Final\jboss-logging-3.3.0.Final.jar;C:\Users\Basheer\.m2\repository\org\hibernate\javax\persistence\hibernate-jpa-2.1-api\1.0.0.Final\hibernate-jpa-2.1-api-1.0.0.Final.jar;C:\Users\Basheer\.m2\repository\org\javassist\javassist\3.20.0-GA\javassist-3.20.0-GA.jar;C:\Users\Basheer\.m2\repository\antlr\antlr\2.7.7\antlr-2.7.7.jar;C:\Users\Basheer\.m2\repository\org\apache\geronimo\specs\geronimo-jta_1.1_spec\1.1.1\geronimo-jta_1.1_spec-1.1.1.jar;C:\Users\Basheer\.m2\repository\org\jboss\jandex\2.0.0.Final\jandex-2.0.0.Final.jar;C:\Users\Basheer\.m2\repository\com\fasterxml\classmate\1.3.1\classmate-1.3.1.jar;C:\Users\Basheer\.m2\repository\dom4j\dom4j\1.6.1\dom4j-1.6.1.jar;C:\Users\Basheer\.m2\repository\org\hibernate\common\hibernate-commons-annotations\5.0.1.Final\hibernate-commons-annotations-5.0.1.Final.jar;C:\Users\Basheer\.m2\repository\javax\enterprise\cdi-api\1.1\cdi-api-1.1.jar;C:\Users\Basheer\.m2\repository\javax\el\el-api\2.2\el-api-2.2.jar;C:\Users\Basheer\.m2\repository\org\jboss\spec\javax\interceptor\jboss-interceptors-api_1.1_spec\1.0.0.Beta1\jboss-interceptors-api_1.1_spec-1.0.0.Beta1.jar;C:\Users\Basheer\.m2\repository\javax\annotation\jsr250-api\1.0\jsr250-api-1.0.jar;C:\Users\Basheer\.m2\repository\org\hibernate\hibernate-entitymanager\5.2.2.Final\hibernate-entitymanager-5.2.2.Final.jar;C:\Users\Basheer\.m2\repository\org\hibernate\hibernate-c3p0\5.2.2.Final\hibernate-c3p0-5.2.2.Final.jar;C:\Users\Basheer\.m2\repository\com\mchange\c3p0\0.9.2.1\c3p0-0.9.2.1.jar;C:\Users\Basheer\.m2\repository\com\mchange\mchange-commons-java\0.2.3.4\mchange-commons-java-0.2.3.4.jar;C:\Users\Basheer\.m2\repository\org\mariadb\jdbc\mariadb-java-client\1.4.6\mariadb-java-client-1.4.6.jar;C:\Users\Basheer\.m2\repository\mysql\mysql-connector-java\5.1.40\mysql-connector-java-5.1.40.jar;C:\Users\Basheer\.m2\repository\com\github\stephenc\eaio-uuid\uuid\3.4.0\uuid-3.4.0.jar;C:\Users\Basheer\.m2\repository\com\github\stephenc\eaio-grabbag\grabbag\1.8.1\grabbag-1.8.1.jar;C:\Users\Basheer\.m2\repository\joda-time\joda-time\2.9.4\joda-time-2.9.4.jar;C:\Users\Basheer\.m2\repository\org\slf4j\slf4j-api\1.7.25\slf4j-api-1.7.25.jar;C:\Users\Basheer\.m2\repository\ch\qos\logback\logback-classic\1.1.7\logback-classic-1.1.7.jar;C:\Users\Basheer\.m2\repository\ch\qos\logback\logback-core\1.1.7\logback-core-1.1.7.jar;"/>
    <property name="java.vm.vendor" value="Oracle Corporation"/>
    <property name="sun.arch.data.model" value="64"/>
    <property name="user.variant" value=""/>
    <property name="java.vendor.url" value="http://java.oracle.com/"/>
    <property name="user.timezone" value=""/>
    <property name="java.vm.specification.version" value="1.8"/>
    <property name="os.name" value="Windows 10"/>
    <property name="user.country" value="US"/>
    <property name="sun.java.launcher" value="SUN_STANDARD"/>
    <property name="sun.boot.library.path" value="C:\projects\java8\bin"/>
    <property name="sun.java.command" value="C:\Users\Basheer\AppData\Local\Temp\surefire4377850752191131805\surefirebooter773724000706928188.jar C:\Users\Basheer\AppData\Local\Temp\surefire4377850752191131805 2018-02-10T11-26-55_190-jvmRun1 surefire7398127560056867132tmp surefire_08597201402894357013tmp"/>
    <property name="surefire.test.class.path" value="C:\projects\microservices\ms-lib\ms-lib\orm\target\test-classes;C:\projects\microservices\ms-lib\ms-lib\orm\target\classes;C:\projects\microservices\ms-lib\ms-lib\core\target\ms-lib-core-1.0.0-SNAPSHOT.jar;C:\Users\Basheer\.m2\repository\org\apache\commons\commons-lang3\3.6\commons-lang3-3.6.jar;C:\Users\Basheer\.m2\repository\org\springframework\spring-beans\4.3.2.RELEASE\spring-beans-4.3.2.RELEASE.jar;C:\Users\Basheer\.m2\repository\org\springframework\spring-core\4.3.2.RELEASE\spring-core-4.3.2.RELEASE.jar;C:\Users\Basheer\.m2\repository\commons-logging\commons-logging\1.2\commons-logging-1.2.jar;C:\Users\Basheer\.m2\repository\org\springframework\spring-orm\4.3.2.RELEASE\spring-orm-4.3.2.RELEASE.jar;C:\Users\Basheer\.m2\repository\org\springframework\spring-oxm\4.3.2.RELEASE\spring-oxm-4.3.2.RELEASE.jar;C:\Users\Basheer\.m2\repository\org\springframework\spring-tx\4.3.2.RELEASE\spring-tx-4.3.2.RELEASE.jar;C:\Users\Basheer\.m2\repository\org\springframework\spring-web\4.3.2.RELEASE\spring-web-4.3.2.RELEASE.jar;C:\Users\Basheer\.m2\repository\org\springframework\spring-aop\4.3.2.RELEASE\spring-aop-4.3.2.RELEASE.jar;C:\Users\Basheer\.m2\repository\org\springframework\spring-context\4.3.2.RELEASE\spring-context-4.3.2.RELEASE.jar;C:\Users\Basheer\.m2\repository\org\springframework\spring-webmvc\4.3.2.RELEASE\spring-webmvc-4.3.2.RELEASE.jar;C:\Users\Basheer\.m2\repository\org\springframework\spring-expression\4.3.2.RELEASE\spring-expression-4.3.2.RELEASE.jar;C:\Users\Basheer\.m2\repository\org\springframework\spring-jms\4.3.2.RELEASE\spring-jms-4.3.2.RELEASE.jar;C:\Users\Basheer\.m2\repository\org\springframework\spring-messaging\4.3.2.RELEASE\spring-messaging-4.3.2.RELEASE.jar;C:\Users\Basheer\.m2\repository\org\springframework\spring-jdbc\4.3.2.RELEASE\spring-jdbc-4.3.2.RELEASE.jar;C:\projects\microservices\ms-lib\ms-lib\app\target\ms-lib-app-1.0.0-SNAPSHOT.jar;C:\Users\Basheer\.m2\repository\org\springframework\boot\spring-boot-starter-web\1.4.0.RELEASE\spring-boot-starter-web-1.4.0.RELEASE.jar;C:\Users\Basheer\.m2\repository\org\hibernate\hibernate-validator\5.2.4.Final\hibernate-validator-5.2.4.Final.jar;C:\Users\Basheer\.m2\repository\javax\validation\validation-api\1.1.0.Final\validation-api-1.1.0.Final.jar;C:\Users\Basheer\.m2\repository\com\fasterxml\jackson\core\jackson-databind\2.8.1\jackson-databind-2.8.1.jar;C:\Users\Basheer\.m2\repository\com\fasterxml\jackson\core\jackson-core\2.8.1\jackson-core-2.8.1.jar;C:\Users\Basheer\.m2\repository\org\springframework\boot\spring-boot-starter-tomcat\1.4.0.RELEASE\spring-boot-starter-tomcat-1.4.0.RELEASE.jar;C:\Users\Basheer\.m2\repository\org\apache\tomcat\embed\tomcat-embed-core\8.5.4\tomcat-embed-core-8.5.4.jar;C:\Users\Basheer\.m2\repository\org\apache\tomcat\embed\tomcat-embed-el\8.5.4\tomcat-embed-el-8.5.4.jar;C:\Users\Basheer\.m2\repository\org\apache\tomcat\embed\tomcat-embed-websocket\8.5.4\tomcat-embed-websocket-8.5.4.jar;C:\Users\Basheer\.m2\repository\org\springframework\boot\spring-boot-starter-data-rest\1.4.0.RELEASE\spring-boot-starter-data-rest-1.4.0.RELEASE.jar;C:\Users\Basheer\.m2\repository\com\fasterxml\jackson\core\jackson-annotations\2.8.1\jackson-annotations-2.8.1.jar;C:\Users\Basheer\.m2\repository\org\springframework\data\spring-data-rest-webmvc\2.5.2.RELEASE\spring-data-rest-webmvc-2.5.2.RELEASE.jar;C:\Users\Basheer\.m2\repository\org\springframework\data\spring-data-rest-core\2.5.2.RELEASE\spring-data-rest-core-2.5.2.RELEASE.jar;C:\Users\Basheer\.m2\repository\org\springframework\hateoas\spring-hateoas\0.20.0.RELEASE\spring-hateoas-0.20.0.RELEASE.jar;C:\Users\Basheer\.m2\repository\org\springframework\plugin\spring-plugin-core\1.2.0.RELEASE\spring-plugin-core-1.2.0.RELEASE.jar;C:\Users\Basheer\.m2\repository\org\atteo\evo-inflector\1.2.1\evo-inflector-1.2.1.jar;C:\Users\Basheer\.m2\repository\org\springframework\boot\spring-boot-starter-actuator\1.4.0.RELEASE\spring-boot-starter-actuator-1.4.0.RELEASE.jar;C:\Users\Basheer\.m2\repository\org\springframework\boot\spring-boot-actuator\1.4.0.RELEASE\spring-boot-actuator-1.4.0.RELEASE.jar;C:\Users\Basheer\.m2\repository\javax\inject\javax.inject\1\javax.inject-1.jar;C:\projects\microservices\ms-lib\ms-lib\security\target\ms-lib-security-1.0.0-SNAPSHOT.jar;C:\projects\microservices\ms-lib\ms-lib\test\target\ms-lib-test-1.0.0-SNAPSHOT.jar;C:\Users\Basheer\.m2\repository\org\springframework\spring-test\4.3.2.RELEASE\spring-test-4.3.2.RELEASE.jar;C:\Users\Basheer\.m2\repository\junit\junit\4.12\junit-4.12.jar;C:\Users\Basheer\.m2\repository\org\hamcrest\hamcrest-core\1.3\hamcrest-core-1.3.jar;C:\Users\Basheer\.m2\repository\org\mockito\mockito-all\1.10.19\mockito-all-1.10.19.jar;C:\Users\Basheer\.m2\repository\org\powermock\powermock-core\1.7.1\powermock-core-1.7.1.jar;C:\Users\Basheer\.m2\repository\org\powermock\powermock-reflect\1.7.1\powermock-reflect-1.7.1.jar;C:\Users\Basheer\.m2\repository\org\objenesis\objenesis\2.4\objenesis-2.4.jar;C:\Users\Basheer\.m2\repository\org\mockito\mockito-core\1.10.19\mockito-core-1.10.19.jar;C:\Users\Basheer\.m2\repository\org\powermock\powermock-api-mockito\1.7.1\powermock-api-mockito-1.7.1.jar;C:\Users\Basheer\.m2\repository\org\powermock\powermock-api-mockito-common\1.7.1\powermock-api-mockito-common-1.7.1.jar;C:\Users\Basheer\.m2\repository\org\powermock\powermock-api-support\1.7.1\powermock-api-support-1.7.1.jar;C:\Users\Basheer\.m2\repository\org\powermock\powermock-module-junit4\1.7.1\powermock-module-junit4-1.7.1.jar;C:\Users\Basheer\.m2\repository\org\powermock\powermock-module-junit4-common\1.7.1\powermock-module-junit4-common-1.7.1.jar;C:\Users\Basheer\.m2\repository\com\h2database\h2\1.4.192\h2-1.4.192.jar;C:\Users\Basheer\.m2\repository\io\jsonwebtoken\jjwt\0.7.0\jjwt-0.7.0.jar;C:\Users\Basheer\.m2\repository\org\springframework\boot\spring-boot-starter-data-jpa\1.4.0.RELEASE\spring-boot-starter-data-jpa-1.4.0.RELEASE.jar;C:\Users\Basheer\.m2\repository\org\springframework\boot\spring-boot-starter\1.4.0.RELEASE\spring-boot-starter-1.4.0.RELEASE.jar;C:\Users\Basheer\.m2\repository\org\springframework\boot\spring-boot\1.4.0.RELEASE\spring-boot-1.4.0.RELEASE.jar;C:\Users\Basheer\.m2\repository\org\springframework\boot\spring-boot-autoconfigure\1.4.0.RELEASE\spring-boot-autoconfigure-1.4.0.RELEASE.jar;C:\Users\Basheer\.m2\repository\org\springframework\boot\spring-boot-starter-logging\1.4.0.RELEASE\spring-boot-starter-logging-1.4.0.RELEASE.jar;C:\Users\Basheer\.m2\repository\org\slf4j\jul-to-slf4j\1.7.21\jul-to-slf4j-1.7.21.jar;C:\Users\Basheer\.m2\repository\org\slf4j\log4j-over-slf4j\1.7.21\log4j-over-slf4j-1.7.21.jar;C:\Users\Basheer\.m2\repository\org\yaml\snakeyaml\1.17\snakeyaml-1.17.jar;C:\Users\Basheer\.m2\repository\org\springframework\boot\spring-boot-starter-aop\1.4.0.RELEASE\spring-boot-starter-aop-1.4.0.RELEASE.jar;C:\Users\Basheer\.m2\repository\org\aspectj\aspectjweaver\1.8.9\aspectjweaver-1.8.9.jar;C:\Users\Basheer\.m2\repository\org\springframework\boot\spring-boot-starter-jdbc\1.4.0.RELEASE\spring-boot-starter-jdbc-1.4.0.RELEASE.jar;C:\Users\Basheer\.m2\repository\org\apache\tomcat\tomcat-jdbc\8.5.4\tomcat-jdbc-8.5.4.jar;C:\Users\Basheer\.m2\repository\org\apache\tomcat\tomcat-juli\8.5.4\tomcat-juli-8.5.4.jar;C:\Users\Basheer\.m2\repository\javax\transaction\javax.transaction-api\1.2\javax.transaction-api-1.2.jar;C:\Users\Basheer\.m2\repository\org\springframework\data\spring-data-jpa\1.10.2.RELEASE\spring-data-jpa-1.10.2.RELEASE.jar;C:\Users\Basheer\.m2\repository\org\springframework\data\spring-data-commons\1.12.2.RELEASE\spring-data-commons-1.12.2.RELEASE.jar;C:\Users\Basheer\.m2\repository\org\slf4j\jcl-over-slf4j\1.7.21\jcl-over-slf4j-1.7.21.jar;C:\Users\Basheer\.m2\repository\org\springframework\spring-aspects\4.3.2.RELEASE\spring-aspects-4.3.2.RELEASE.jar;C:\Users\Basheer\.m2\repository\commons-dbcp\commons-dbcp\1.4\commons-dbcp-1.4.jar;C:\Users\Basheer\.m2\repository\commons-pool\commons-pool\1.6\commons-pool-1.6.jar;C:\Users\Basheer\.m2\repository\org\hibernate\hibernate-core\5.2.2.Final\hibernate-core-5.2.2.Final.jar;C:\Users\Basheer\.m2\repository\org\jboss\logging\jboss-logging\3.3.0.Final\jboss-logging-3.3.0.Final.jar;C:\Users\Basheer\.m2\repository\org\hibernate\javax\persistence\hibernate-jpa-2.1-api\1.0.0.Final\hibernate-jpa-2.1-api-1.0.0.Final.jar;C:\Users\Basheer\.m2\repository\org\javassist\javassist\3.20.0-GA\javassist-3.20.0-GA.jar;C:\Users\Basheer\.m2\repository\antlr\antlr\2.7.7\antlr-2.7.7.jar;C:\Users\Basheer\.m2\repository\org\apache\geronimo\specs\geronimo-jta_1.1_spec\1.1.1\geronimo-jta_1.1_spec-1.1.1.jar;C:\Users\Basheer\.m2\repository\org\jboss\jandex\2.0.0.Final\jandex-2.0.0.Final.jar;C:\Users\Basheer\.m2\repository\com\fasterxml\classmate\1.3.1\classmate-1.3.1.jar;C:\Users\Basheer\.m2\repository\dom4j\dom4j\1.6.1\dom4j-1.6.1.jar;C:\Users\Basheer\.m2\repository\org\hibernate\common\hibernate-commons-annotations\5.0.1.Final\hibernate-commons-annotations-5.0.1.Final.jar;C:\Users\Basheer\.m2\repository\javax\enterprise\cdi-api\1.1\cdi-api-1.1.jar;C:\Users\Basheer\.m2\repository\javax\el\el-api\2.2\el-api-2.2.jar;C:\Users\Basheer\.m2\repository\org\jboss\spec\javax\interceptor\jboss-interceptors-api_1.1_spec\1.0.0.Beta1\jboss-interceptors-api_1.1_spec-1.0.0.Beta1.jar;C:\Users\Basheer\.m2\repository\javax\annotation\jsr250-api\1.0\jsr250-api-1.0.jar;C:\Users\Basheer\.m2\repository\org\hibernate\hibernate-entitymanager\5.2.2.Final\hibernate-entitymanager-5.2.2.Final.jar;C:\Users\Basheer\.m2\repository\org\hibernate\hibernate-c3p0\5.2.2.Final\hibernate-c3p0-5.2.2.Final.jar;C:\Users\Basheer\.m2\repository\com\mchange\c3p0\0.9.2.1\c3p0-0.9.2.1.jar;C:\Users\Basheer\.m2\repository\com\mchange\mchange-commons-java\0.2.3.4\mchange-commons-java-0.2.3.4.jar;C:\Users\Basheer\.m2\repository\org\mariadb\jdbc\mariadb-java-client\1.4.6\mariadb-java-client-1.4.6.jar;C:\Users\Basheer\.m2\repository\mysql\mysql-connector-java\5.1.40\mysql-connector-java-5.1.40.jar;C:\Users\Basheer\.m2\repository\com\github\stephenc\eaio-uuid\uuid\3.4.0\uuid-3.4.0.jar;C:\Users\Basheer\.m2\repository\com\github\stephenc\eaio-grabbag\grabbag\1.8.1\grabbag-1.8.1.jar;C:\Users\Basheer\.m2\repository\joda-time\joda-time\2.9.4\joda-time-2.9.4.jar;C:\Users\Basheer\.m2\repository\org\slf4j\slf4j-api\1.7.25\slf4j-api-1.7.25.jar;C:\Users\Basheer\.m2\repository\ch\qos\logback\logback-classic\1.1.7\logback-classic-1.1.7.jar;C:\Users\Basheer\.m2\repository\ch\qos\logback\logback-core\1.1.7\logback-core-1.1.7.jar;"/>
    <property name="sun.cpu.endian" value="little"/>
    <property name="user.home" value="C:\Users\Basheer"/>
    <property name="user.language" value="en"/>
    <property name="java.specification.vendor" value="Oracle Corporation"/>
    <property name="java.home" value="C:\projects\java8"/>
    <property name="basedir" value="C:\projects\microservices\ms-lib\ms-lib\orm"/>
    <property name="file.separator" value="\"/>
    <property name="line.separator" value="&#10;"/>
    <property name="java.vm.specification.vendor" value="Oracle Corporation"/>
    <property name="java.specification.name" value="Java Platform API Specification"/>
    <property name="java.awt.graphicsenv" value="sun.awt.Win32GraphicsEnvironment"/>
    <property name="surefire.real.class.path" value="C:\Users\Basheer\AppData\Local\Temp\surefire4377850752191131805\surefirebooter773724000706928188.jar"/>
    <property name="sun.boot.class.path" value="C:\projects\java8\lib\resources.jar;C:\projects\java8\lib\rt.jar;C:\projects\java8\lib\sunrsasign.jar;C:\projects\java8\lib\jsse.jar;C:\projects\java8\lib\jce.jar;C:\projects\java8\lib\charsets.jar;C:\projects\java8\lib\jfr.jar;C:\projects\java8\classes"/>
    <property name="user.script" value=""/>
    <property name="sun.management.compiler" value="HotSpot 64-Bit Tiered Compilers"/>
    <property name="java.runtime.version" value="1.8.0_91-b14"/>
    <property name="user.name" value="Basheer"/>
    <property name="path.separator" value=";"/>
    <property name="os.version" value="10.0"/>
    <property name="java.endorsed.dirs" value="C:\projects\java8\lib\endorsed"/>
    <property name="java.runtime.name" value="Java(TM) SE Runtime Environment"/>
    <property name="file.encoding" value="Cp1252"/>
    <property name="java.vm.name" value="Java HotSpot(TM) 64-Bit Server VM"/>
    <property name="localRepository" value="C:\Users\Basheer\.m2\repository"/>
    <property name="java.vendor.url.bug" value="http://bugreport.sun.com/bugreport/"/>
    <property name="java.io.tmpdir" value="C:\Users\Basheer\AppData\Local\Temp\"/>
    <property name="java.version" value="1.8.0_91"/>
    <property name="user.dir" value="C:\projects\microservices\ms-lib\ms-lib\orm"/>
    <property name="os.arch" value="amd64"/>
    <property name="java.vm.specification.name" value="Java Virtual Machine Specification"/>
    <property name="java.awt.printerjob" value="sun.awt.windows.WPrinterJob"/>
    <property name="sun.os.patch.level" value=""/>
    <property name="java.library.path" value="C:\projects\java8\bin;C:\WINDOWS\Sun\Java\bin;C:\WINDOWS\system32;C:\WINDOWS;C:/projects/java8/bin/server;C:/projects/java8/bin;C:/projects/java8/lib/amd64;C:\ProgramData\Oracle\Java\javapath;C:\Program Files (x86)\Intel\iCLS Client\;C:\Program Files\Intel\iCLS Client\;C:\WINDOWS\system32;C:\WINDOWS;C:\WINDOWS\System32\Wbem;C:\WINDOWS\System32\WindowsPowerShell\v1.0\;C:\Program Files\Intel\Intel(R) Management Engine Components\DAL;C:\Program Files\Intel\Intel(R) Management Engine Components\IPT;C:\Program Files (x86)\Intel\Intel(R) Management Engine Components\DAL;C:\Program Files (x86)\Intel\Intel(R) Management Engine Components\IPT;C:\Program Files\Samsung\AllShare Framework DMS\1.3.23\64bit\;C:\Program Files\Intel\WiFi\bin\;C:\Program Files\Common Files\Intel\WirelessCommon\;C:\Program Files\Samsung\SamsungLink\AllShare Framework DMS\bin\;C:\Program Files (x86)\Skype\Phone\;C:\Program Files\Amazon\AWSCLI\;C:\projects\Git\cmd;C:\Program Files\MySQL\MySQL Utilities 1.6\;C:\Program Files\Intel\WiFi\bin\;C:\Program Files\Common Files\Intel\WirelessCommon\;C:\Users\Basheer\AppData\Local\Microsoft\WindowsApps;C:\Python34;C:\Python34\Scripts;;C:\Program Files\Microsoft VS Code\bin;C:\Program Files\Docker Toolbox;C:\eclipse-oxygen\eclipse;;."/>
    <property name="java.vm.info" value="mixed mode"/>
    <property name="java.vendor" value="Oracle Corporation"/>
    <property name="java.vm.version" value="25.91-b14"/>
    <property name="java.ext.dirs" value="C:\projects\java8\lib\ext;C:\WINDOWS\Sun\Java\lib\ext"/>
    <property name="sun.io.unicode.encoding" value="UnicodeLittle"/>
    <property name="java.class.version" value="52.0"/>
  </properties>
  <testcase name="testGenerate" classname="com.jshop.orm.UuidGeneratorTest" time="0.388"/>
</testsuite>